01/06/17 10:15:15 INFO  spoolmanager: JamesSpoolManager init...
01/06/17 10:15:15 INFO  spoolmanager: Matcher All instantiated.
01/06/17 10:15:15 INFO  spoolmanager: Mailet PostmasterAlias instantiated.
01/06/17 10:15:15 INFO  spoolmanager: Matcher RelayLimit=30 instantiated.
01/06/17 10:15:15 INFO  spoolmanager: Mailet Null instantiated.
01/06/17 10:15:15 INFO  spoolmanager: Matcher HasMailAttributeWithValue=org.apache.james.infected, true instantiated.
01/06/17 10:15:15 INFO  spoolmanager: Mailet ToProcessor instantiated.
01/06/17 10:15:15 INFO  spoolmanager: Matcher HasMailAttribute=spamChecked instantiated.
01/06/17 10:15:15 INFO  spoolmanager: Mailet ToProcessor instantiated.
01/06/17 10:15:15 INFO  spoolmanager: Matcher All instantiated.
01/06/17 10:15:15 INFO  spoolmanager: Mailet SetMailAttribute instantiated.
01/06/17 10:15:15 INFO  spoolmanager: Matcher SMTPAuthSuccessful instantiated.
01/06/17 10:15:15 INFO  spoolmanager: Mailet ToProcessor instantiated.
01/06/17 10:15:15 INFO  spoolmanager: Matcher InSpammerBlacklist=query.bondedsender.org. instantiated.
01/06/17 10:15:15 INFO  spoolmanager: Mailet ToProcessor instantiated.
01/06/17 10:15:15 INFO  spoolmanager: Matcher InSpammerBlacklist=dnsbl.njabl.org. instantiated.
01/06/17 10:15:15 INFO  spoolmanager: Mailet ToProcessor instantiated.
01/06/17 10:15:15 INFO  spoolmanager: Matcher All instantiated.
01/06/17 10:15:15 INFO  spoolmanager: Mailet ToProcessor instantiated.
01/06/17 10:15:15 INFO  spoolmanager: Processor root instantiated.
01/06/17 10:15:15 INFO  spoolmanager: Matcher All instantiated.
01/06/17 10:15:15 INFO  spoolmanager: Mailet ToRepository instantiated.
01/06/17 10:15:15 INFO  spoolmanager: Processor error instantiated.
01/06/17 10:15:15 INFO  spoolmanager: Matcher SMTPAuthSuccessful instantiated.
01/06/17 10:15:15 INFO  spoolmanager: Mailet SetMimeHeader instantiated.
01/06/17 10:15:15 INFO  spoolmanager: Matcher HasMailAttribute=org.apache.james.SMIMECheckSignature instantiated.
01/06/17 10:15:15 INFO  spoolmanager: Mailet SetMimeHeader instantiated.
01/06/17 10:15:15 INFO  spoolmanager: Matcher RecipientIsLocal instantiated.
01/06/17 10:15:15 INFO  spoolmanager: Mailet LocalDelivery instantiated.
01/06/17 10:15:15 INFO  spoolmanager: Matcher HostIsLocal instantiated.
01/06/17 10:15:15 INFO  spoolmanager: Mailet ToProcessor instantiated.
01/06/17 10:15:15 INFO  spoolmanager: Matcher RemoteAddrNotInNetwork=127.0.0.1 instantiated.
01/06/17 10:15:15 INFO  spoolmanager: Mailet ToProcessor instantiated.
01/06/17 10:15:15 INFO  spoolmanager: Matcher All instantiated.
01/06/17 10:15:15 INFO  spoolmanager: Mailet RemoteDelivery instantiated.
01/06/17 10:15:15 INFO  spoolmanager: Processor transport instantiated.
01/06/17 10:15:15 INFO  spoolmanager: Matcher All instantiated.
01/06/17 10:15:15 INFO  spoolmanager: Mailet ToRepository instantiated.
01/06/17 10:15:15 INFO  spoolmanager: Processor spam instantiated.
01/06/17 10:15:15 INFO  spoolmanager: Matcher All instantiated.
01/06/17 10:15:15 INFO  spoolmanager: Mailet SetMailAttribute instantiated.
01/06/17 10:15:15 INFO  spoolmanager: Matcher SMTPAuthSuccessful instantiated.
01/06/17 10:15:15 INFO  spoolmanager: Mailet Bounce instantiated.
01/06/17 10:15:15 INFO  spoolmanager: Matcher All instantiated.
01/06/17 10:15:15 INFO  spoolmanager: Mailet Null instantiated.
01/06/17 10:15:15 INFO  spoolmanager: Processor virus instantiated.
01/06/17 10:15:15 INFO  spoolmanager: Matcher All instantiated.
01/06/17 10:15:15 INFO  spoolmanager: Mailet ToRepository instantiated.
01/06/17 10:15:15 INFO  spoolmanager: Processor local-address-error instantiated.
01/06/17 10:15:15 INFO  spoolmanager: Matcher All instantiated.
01/06/17 10:15:15 INFO  spoolmanager: Mailet ToRepository instantiated.
01/06/17 10:15:15 INFO  spoolmanager: Processor relay-denied instantiated.
01/06/17 10:15:15 INFO  spoolmanager: Matcher All instantiated.
01/06/17 10:15:15 INFO  spoolmanager: Mailet DSNBounce instantiated.
01/06/17 10:15:15 INFO  spoolmanager: Processor bounces instantiated.
01/06/17 10:15:15 INFO  spoolmanager: Spooler Manager uses 10 Thread(s)
01/06/17 10:15:15 INFO  spoolmanager: Run JamesSpoolManager: Spool Thread #0
01/06/17 10:15:15 INFO  spoolmanager: Spool=com.sun.proxy.$Proxy5
01/06/17 10:15:15 INFO  spoolmanager: Run JamesSpoolManager: Spool Thread #2
01/06/17 10:15:15 INFO  spoolmanager: Spool=com.sun.proxy.$Proxy5
01/06/17 10:15:15 INFO  spoolmanager: Run JamesSpoolManager: Spool Thread #3
01/06/17 10:15:15 INFO  spoolmanager: Spool=com.sun.proxy.$Proxy5
01/06/17 10:15:15 INFO  spoolmanager: Run JamesSpoolManager: Spool Thread #6
01/06/17 10:15:15 INFO  spoolmanager: Spool=com.sun.proxy.$Proxy5
01/06/17 10:15:15 INFO  spoolmanager: Run JamesSpoolManager: Spool Thread #7
01/06/17 10:15:15 INFO  spoolmanager: Spool=com.sun.proxy.$Proxy5
01/06/17 10:15:15 INFO  spoolmanager: Run JamesSpoolManager: Spool Thread #1
01/06/17 10:15:15 INFO  spoolmanager: Spool=com.sun.proxy.$Proxy5
01/06/17 10:15:15 INFO  spoolmanager: Run JamesSpoolManager: Spool Thread #8
01/06/17 10:15:15 INFO  spoolmanager: Spool=com.sun.proxy.$Proxy5
01/06/17 10:15:15 INFO  spoolmanager: Run JamesSpoolManager: Spool Thread #4
01/06/17 10:15:15 INFO  spoolmanager: Spool=com.sun.proxy.$Proxy5
01/06/17 10:15:15 INFO  spoolmanager: Run JamesSpoolManager: Spool Thread #5
01/06/17 10:15:15 INFO  spoolmanager: Spool=com.sun.proxy.$Proxy5
01/06/17 10:15:15 INFO  spoolmanager: Run JamesSpoolManager: Spool Thread #9
01/06/17 10:15:15 INFO  spoolmanager: Spool=com.sun.proxy.$Proxy5
